[2024-05-30 04:08:34,302][py.warnings][WARNING] - D:\hoc\Code\cryptopredictions\crypto-prediction\data_loader\creator.py:27: SettingWithCopyWarning: 
A value is trying to be set on a copy of a slice from a DataFrame.
Try using .loc[row_indexer,col_indexer] = value instead

See the caveats in the documentation: https://pandas.pydata.org/pandas-docs/stable/user_guide/indexing.html#returning-a-view-versus-a-copy
  df['Mean'] = (df['Low'] + df['High']) / 2

[2024-05-30 04:08:44,679][factory.trainer][INFO] - Training started.
[2024-05-30 04:08:44,680][cmdstanpy][DEBUG] - cmd: where.exe tbb.dll
cwd: None
[2024-05-30 04:08:44,749][cmdstanpy][DEBUG] - TBB already found in load path
[2024-05-30 04:08:44,751][py.warnings][WARNING] - D:\hoc\Code\cryptopredictions\crypto-prediction\models\prophet.py:20: SettingWithCopyWarning: 
A value is trying to be set on a copy of a slice from a DataFrame.
Try using .loc[row_indexer,col_indexer] = value instead

See the caveats in the documentation: https://pandas.pydata.org/pandas-docs/stable/user_guide/indexing.html#returning-a-view-versus-a-copy
  data_x[self.regressors] = data_x[self.regressors].astype(float)

[2024-05-30 04:08:44,755][py.warnings][WARNING] - D:\hoc\Code\cryptopredictions\crypto-prediction\models\prophet.py:21: SettingWithCopyWarning: 
A value is trying to be set on a copy of a slice from a DataFrame.
Try using .loc[row_indexer,col_indexer] = value instead

See the caveats in the documentation: https://pandas.pydata.org/pandas-docs/stable/user_guide/indexing.html#returning-a-view-versus-a-copy
  data_x[self.response_col] = data_x[self.response_col].astype(float)

[2024-05-30 04:08:44,790][prophet][INFO] - Disabling daily seasonality. Run prophet with daily_seasonality=True to override this.
[2024-05-30 04:08:44,808][cmdstanpy][DEBUG] - input tempfile: C:\Users\hao17\AppData\Local\Temp\tmp1hsys0ug\t1ydartx.json
[2024-05-30 04:08:44,905][cmdstanpy][DEBUG] - input tempfile: C:\Users\hao17\AppData\Local\Temp\tmp1hsys0ug\6n6swfvs.json
[2024-05-30 04:08:44,906][cmdstanpy][DEBUG] - idx 0
[2024-05-30 04:08:44,907][cmdstanpy][DEBUG] - running CmdStan, num_threads: None
[2024-05-30 04:08:44,907][cmdstanpy][DEBUG] - CmdStan args: ['D:\\hoc\\Code\\cryptopredictions\\crypto-prediction\\test\\Lib\\site-packages\\prophet\\stan_model\\prophet_model.bin', 'random', 'seed=31107', 'data', 'file=C:\\Users\\hao17\\AppData\\Local\\Temp\\tmp1hsys0ug\\t1ydartx.json', 'init=C:\\Users\\hao17\\AppData\\Local\\Temp\\tmp1hsys0ug\\6n6swfvs.json', 'output', 'file=C:\\Users\\hao17\\AppData\\Local\\Temp\\tmp1hsys0ug\\prophet_modelct_q1zfu\\prophet_model-20240530040844.csv', 'method=optimize', 'algorithm=lbfgs', 'iter=10000']
[2024-05-30 04:08:44,907][cmdstanpy][INFO] - Chain [1] start processing
[2024-05-30 04:08:45,562][cmdstanpy][INFO] - Chain [1] done processing
[2024-05-30 04:08:45,576][factory.trainer][INFO] - ----------------------------------------------------------------------------------------------------
[2024-05-30 04:08:45,577][factory.trainer][INFO] - Training is completed in 0.90 seconds.
[2024-05-30 04:08:45,578][factory.evaluator][INFO] - Evaluating started.
[2024-05-30 04:08:45,698][py.warnings][WARNING] - D:\hoc\Code\cryptopredictions\crypto-prediction\utils\reporter.py:33: FutureWarning: ChainedAssignmentError: behaviour will change in pandas 3.0!
You are setting values through chained assignment. Currently this works in certain cases, but when using Copy-on-Write (which will become the default behaviour in pandas 3.0) this will never work to update the original DataFrame or Series, because the intermediate object on which we are setting values will behave as a copy.
A typical example is when you are setting values in a column of a DataFrame, like:

df["col"][row_indexer] = value

Use `df.loc[row_indexer, "col"] = values` instead, to perform the assignment in a single step and ensure this keeps updating the original `df`.

See the caveats in the documentation: https://pandas.pydata.org/pandas-docs/stable/user_guide/indexing.html#returning-a-view-versus-a-copy

  self.df_of_cross_validation.iloc[self.counter_cross_validation][metric_name] = value

[2024-05-30 04:08:45,703][py.warnings][WARNING] - D:\hoc\Code\cryptopredictions\crypto-prediction\utils\reporter.py:33: FutureWarning: ChainedAssignmentError: behaviour will change in pandas 3.0!
You are setting values through chained assignment. Currently this works in certain cases, but when using Copy-on-Write (which will become the default behaviour in pandas 3.0) this will never work to update the original DataFrame or Series, because the intermediate object on which we are setting values will behave as a copy.
A typical example is when you are setting values in a column of a DataFrame, like:

df["col"][row_indexer] = value

Use `df.loc[row_indexer, "col"] = values` instead, to perform the assignment in a single step and ensure this keeps updating the original `df`.

See the caveats in the documentation: https://pandas.pydata.org/pandas-docs/stable/user_guide/indexing.html#returning-a-view-versus-a-copy

  self.df_of_cross_validation.iloc[self.counter_cross_validation][metric_name] = value

[2024-05-30 04:08:45,707][py.warnings][WARNING] - D:\hoc\Code\cryptopredictions\crypto-prediction\utils\reporter.py:33: FutureWarning: ChainedAssignmentError: behaviour will change in pandas 3.0!
You are setting values through chained assignment. Currently this works in certain cases, but when using Copy-on-Write (which will become the default behaviour in pandas 3.0) this will never work to update the original DataFrame or Series, because the intermediate object on which we are setting values will behave as a copy.
A typical example is when you are setting values in a column of a DataFrame, like:

df["col"][row_indexer] = value

Use `df.loc[row_indexer, "col"] = values` instead, to perform the assignment in a single step and ensure this keeps updating the original `df`.

See the caveats in the documentation: https://pandas.pydata.org/pandas-docs/stable/user_guide/indexing.html#returning-a-view-versus-a-copy

  self.df_of_cross_validation.iloc[self.counter_cross_validation][metric_name] = value

[2024-05-30 04:08:45,710][py.warnings][WARNING] - D:\hoc\Code\cryptopredictions\crypto-prediction\utils\reporter.py:33: FutureWarning: ChainedAssignmentError: behaviour will change in pandas 3.0!
You are setting values through chained assignment. Currently this works in certain cases, but when using Copy-on-Write (which will become the default behaviour in pandas 3.0) this will never work to update the original DataFrame or Series, because the intermediate object on which we are setting values will behave as a copy.
A typical example is when you are setting values in a column of a DataFrame, like:

df["col"][row_indexer] = value

Use `df.loc[row_indexer, "col"] = values` instead, to perform the assignment in a single step and ensure this keeps updating the original `df`.

See the caveats in the documentation: https://pandas.pydata.org/pandas-docs/stable/user_guide/indexing.html#returning-a-view-versus-a-copy

  self.df_of_cross_validation.iloc[self.counter_cross_validation][metric_name] = value

[2024-05-30 04:08:46,012][factory.profit_calculator][INFO] - Low price training started.
[2024-05-30 04:08:46,015][factory.trainer][INFO] - Training started.
[2024-05-30 04:08:46,016][cmdstanpy][DEBUG] - cmd: where.exe tbb.dll
cwd: None
[2024-05-30 04:08:46,095][cmdstanpy][DEBUG] - TBB already found in load path
[2024-05-30 04:08:46,097][py.warnings][WARNING] - D:\hoc\Code\cryptopredictions\crypto-prediction\models\prophet.py:20: SettingWithCopyWarning: 
A value is trying to be set on a copy of a slice from a DataFrame.
Try using .loc[row_indexer,col_indexer] = value instead

See the caveats in the documentation: https://pandas.pydata.org/pandas-docs/stable/user_guide/indexing.html#returning-a-view-versus-a-copy
  data_x[self.regressors] = data_x[self.regressors].astype(float)

[2024-05-30 04:08:46,102][py.warnings][WARNING] - D:\hoc\Code\cryptopredictions\crypto-prediction\models\prophet.py:21: SettingWithCopyWarning: 
A value is trying to be set on a copy of a slice from a DataFrame.
Try using .loc[row_indexer,col_indexer] = value instead

See the caveats in the documentation: https://pandas.pydata.org/pandas-docs/stable/user_guide/indexing.html#returning-a-view-versus-a-copy
  data_x[self.response_col] = data_x[self.response_col].astype(float)

[2024-05-30 04:08:46,128][prophet][INFO] - Disabling daily seasonality. Run prophet with daily_seasonality=True to override this.
[2024-05-30 04:08:46,143][cmdstanpy][DEBUG] - input tempfile: C:\Users\hao17\AppData\Local\Temp\tmp1hsys0ug\wnprcncd.json
[2024-05-30 04:08:46,240][cmdstanpy][DEBUG] - input tempfile: C:\Users\hao17\AppData\Local\Temp\tmp1hsys0ug\sxmp16mm.json
[2024-05-30 04:08:46,240][cmdstanpy][DEBUG] - idx 0
[2024-05-30 04:08:46,241][cmdstanpy][DEBUG] - running CmdStan, num_threads: None
[2024-05-30 04:08:46,241][cmdstanpy][DEBUG] - CmdStan args: ['D:\\hoc\\Code\\cryptopredictions\\crypto-prediction\\test\\Lib\\site-packages\\prophet\\stan_model\\prophet_model.bin', 'random', 'seed=65843', 'data', 'file=C:\\Users\\hao17\\AppData\\Local\\Temp\\tmp1hsys0ug\\wnprcncd.json', 'init=C:\\Users\\hao17\\AppData\\Local\\Temp\\tmp1hsys0ug\\sxmp16mm.json', 'output', 'file=C:\\Users\\hao17\\AppData\\Local\\Temp\\tmp1hsys0ug\\prophet_modele231763i\\prophet_model-20240530040846.csv', 'method=optimize', 'algorithm=lbfgs', 'iter=10000']
[2024-05-30 04:08:46,242][cmdstanpy][INFO] - Chain [1] start processing
[2024-05-30 04:08:46,717][cmdstanpy][INFO] - Chain [1] done processing
[2024-05-30 04:08:46,727][factory.trainer][INFO] - ----------------------------------------------------------------------------------------------------
[2024-05-30 04:08:46,727][factory.trainer][INFO] - Training is completed in 0.71 seconds.
[2024-05-30 04:08:46,870][factory.profit_calculator][INFO] - High price training started.
[2024-05-30 04:08:46,873][factory.trainer][INFO] - Training started.
[2024-05-30 04:08:46,874][cmdstanpy][DEBUG] - cmd: where.exe tbb.dll
cwd: None
[2024-05-30 04:08:46,938][cmdstanpy][DEBUG] - TBB already found in load path
[2024-05-30 04:08:46,940][py.warnings][WARNING] - D:\hoc\Code\cryptopredictions\crypto-prediction\models\prophet.py:20: SettingWithCopyWarning: 
A value is trying to be set on a copy of a slice from a DataFrame.
Try using .loc[row_indexer,col_indexer] = value instead

See the caveats in the documentation: https://pandas.pydata.org/pandas-docs/stable/user_guide/indexing.html#returning-a-view-versus-a-copy
  data_x[self.regressors] = data_x[self.regressors].astype(float)

[2024-05-30 04:08:46,943][py.warnings][WARNING] - D:\hoc\Code\cryptopredictions\crypto-prediction\models\prophet.py:21: SettingWithCopyWarning: 
A value is trying to be set on a copy of a slice from a DataFrame.
Try using .loc[row_indexer,col_indexer] = value instead

See the caveats in the documentation: https://pandas.pydata.org/pandas-docs/stable/user_guide/indexing.html#returning-a-view-versus-a-copy
  data_x[self.response_col] = data_x[self.response_col].astype(float)

[2024-05-30 04:08:46,974][prophet][INFO] - Disabling daily seasonality. Run prophet with daily_seasonality=True to override this.
[2024-05-30 04:08:46,991][cmdstanpy][DEBUG] - input tempfile: C:\Users\hao17\AppData\Local\Temp\tmp1hsys0ug\z7dnrbm4.json
[2024-05-30 04:08:47,115][cmdstanpy][DEBUG] - input tempfile: C:\Users\hao17\AppData\Local\Temp\tmp1hsys0ug\_j78lmuq.json
[2024-05-30 04:08:47,117][cmdstanpy][DEBUG] - idx 0
[2024-05-30 04:08:47,117][cmdstanpy][DEBUG] - running CmdStan, num_threads: None
[2024-05-30 04:08:47,117][cmdstanpy][DEBUG] - CmdStan args: ['D:\\hoc\\Code\\cryptopredictions\\crypto-prediction\\test\\Lib\\site-packages\\prophet\\stan_model\\prophet_model.bin', 'random', 'seed=60213', 'data', 'file=C:\\Users\\hao17\\AppData\\Local\\Temp\\tmp1hsys0ug\\z7dnrbm4.json', 'init=C:\\Users\\hao17\\AppData\\Local\\Temp\\tmp1hsys0ug\\_j78lmuq.json', 'output', 'file=C:\\Users\\hao17\\AppData\\Local\\Temp\\tmp1hsys0ug\\prophet_modelihsjulcn\\prophet_model-20240530040847.csv', 'method=optimize', 'algorithm=lbfgs', 'iter=10000']
[2024-05-30 04:08:47,118][cmdstanpy][INFO] - Chain [1] start processing
[2024-05-30 04:08:47,705][cmdstanpy][INFO] - Chain [1] done processing
[2024-05-30 04:08:47,719][factory.trainer][INFO] - ----------------------------------------------------------------------------------------------------
[2024-05-30 04:08:47,720][factory.trainer][INFO] - Training is completed in 0.85 seconds.
[2024-05-30 04:08:47,912][__main__][INFO] - 
               | accuracy_score|    f1_score   |  recall_score |precision_score|      MAE      |      RMSE     |      MAPE     |     SMAPE     |      MASE     |      MSLE     
validation-0   |     0.713     |     0.700     |     0.717     |     0.683     |    1659.12    |    1833.08    |      6.98     |      6.64     |      2.65     |     0.006     

